<?xml version="1.0" encoding="UTF-8"?>
<!-- Generated by org.testng.reporters.JUnitReportReporter -->
<testsuite skipped="0" hostname="DESKTOP-0M1MH5T" name="com.qa.api.testcases.PostAPITest" tests="1" failures="0" timestamp="2021-09-01T08:14:09 IST" time="0.558" errors="0">
  <testcase name="creatUserTest" time="0.558" classname="com.qa.api.testcases.PostAPITest"/>
  <system-out/>
</testsuite> <!-- com.qa.api.testcases.PostAPITest -->
