<?xml version="1.0" encoding="UTF-8"?>
<!-- Generated by org.testng.reporters.JUnitReportReporter -->
<testsuite skipped="0" hostname="DESKTOP-0M1MH5T" name="com.qa.api.testcases.GetAPITest" tests="3" failures="0" timestamp="2021-09-01T08:14:09 IST" time="3.968" errors="0">
  <testcase name="fetchSingleUserNotFoundTest" time="0.140" classname="com.qa.api.testcases.GetAPITest"/>
  <system-out/>
  <testcase name="fetchListOfUsersTest" time="3.750" classname="com.qa.api.testcases.GetAPITest"/>
  <system-out/>
  <testcase name="fetchSingleUserTest" time="0.078" classname="com.qa.api.testcases.GetAPITest"/>
  <system-out/>
</testsuite> <!-- com.qa.api.testcases.GetAPITest -->
